This file contains any messages produced by compilers while
running configure, to aid debugging if configure makes a mistake.

It was created by configure, which was
generated by GNU Autoconf 2.69.  Invocation command line was

  $ ./configure --enable-maintainer-mode

## --------- ##
## Platform. ##
## --------- ##

hostname = ubuntu
uname -m = x86_64
uname -r = 4.4.0-21-generic
uname -s = Linux
uname -v = #37-Ubuntu SMP Mon Apr 18 18:33:37 UTC 2016

/usr/bin/uname -p = unknown
/bin/uname -X     = unknown

/bin/arch              = unknown
/usr/bin/arch -k       = unknown
/usr/convex/getsysinfo = unknown
/usr/bin/hostinfo      = unknown
/bin/machine           = unknown
/usr/bin/oslevel       = unknown
/bin/universe          = unknown

PATH: /usr/local/sbin
PATH: /usr/local/bin
PATH: /usr/sbin
PATH: /usr/bin
PATH: /sbin
PATH: /bin
PATH: /usr/games
PATH: /usr/local/games
PATH: /snap/bin


## ----------- ##
## Core tests. ##
## ----------- ##

configure:2234: checking for a BSD-compatible install
configure:2302: result: /usr/bin/install -c
configure:2313: checking whether build environment is sane
configure:2368: result: yes
configure:2519: checking for a thread-safe mkdir -p
configure:2558: result: /bin/mkdir -p
configure:2565: checking for gawk
configure:2595: result: no
configure:2565: checking for mawk
configure:2581: found /usr/bin/mawk
configure:2592: result: mawk
configure:2603: checking whether make sets $(MAKE)
configure:2625: result: yes
configure:2654: checking whether make supports nested variables
configure:2671: result: yes
configure:2801: checking whether to enable maintainer-specific portions of Makefiles
configure:2810: result: yes
configure:2836: checking for style of include used by make
configure:2864: result: GNU
configure:2935: checking for gcc
configure:2951: found /usr/bin/gcc
configure:2962: result: gcc
configure:3191: checking for C compiler version
configure:3200: gcc --version >&5
gcc (Ubuntu 5.4.0-6ubuntu1~16.04.10) 5.4.0 20160609
Copyright (C) 2015 Free Software Foundation, Inc.
This is free software; see the source for copying conditions.  There is NO
warranty; not even for MERCHANTABILITY or FITNESS FOR A PARTICULAR PURPOSE.

configure:3211: $? = 0
configure:3200: gcc -v >&5
Using built-in specs.
COLLECT_GCC=gcc
COLLECT_LTO_WRAPPER=/usr/lib/gcc/x86_64-linux-gnu/5/lto-wrapper
Target: x86_64-linux-gnu
Configured with: ../src/configure -v --with-pkgversion='Ubuntu 5.4.0-6ubuntu1~16.04.10' --with-bugurl=file:///usr/share/doc/gcc-5/README.Bugs --enable-languages=c,ada,c++,java,go,d,fortran,objc,obj-c++ --prefix=/usr --program-suffix=-5 --enable-shared --enable-linker-build-id --libexecdir=/usr/lib --without-included-gettext --enable-threads=posix --libdir=/usr/lib --enable-nls --with-sysroot=/ --enable-clocale=gnu --enable-libstdcxx-debug --enable-libstdcxx-time=yes --with-default-libstdcxx-abi=new --enable-gnu-unique-object --disable-vtable-verify --enable-libmpx --enable-plugin --with-system-zlib --disable-browser-plugin --enable-java-awt=gtk --enable-gtk-cairo --with-java-home=/usr/lib/jvm/java-1.5.0-gcj-5-amd64/jre --enable-java-home --with-jvm-root-dir=/usr/lib/jvm/java-1.5.0-gcj-5-amd64 --with-jvm-jar-dir=/usr/lib/jvm-exports/java-1.5.0-gcj-5-amd64 --with-arch-directory=amd64 --with-ecj-jar=/usr/share/java/eclipse-ecj.jar --enable-objc-gc --enable-multiarch --disable-werror --with-arch-32=i686 --with-abi=m64 --with-multilib-list=m32,m64,mx32 --enable-multilib --with-tune=generic --enable-checking=release --build=x86_64-linux-gnu --host=x86_64-linux-gnu --target=x86_64-linux-gnu
Thread model: posix
gcc version 5.4.0 20160609 (Ubuntu 5.4.0-6ubuntu1~16.04.10) 
configure:3211: $? = 0
configure:3200: gcc -V >&5
gcc: error: unrecognized command line option '-V'
gcc: fatal error: no input files
compilation terminated.
configure:3211: $? = 1
configure:3200: gcc -qversion >&5
gcc: error: unrecognized command line option '-qversion'
gcc: fatal error: no input files
compilation terminated.
configure:3211: $? = 1
configure:3231: checking whether the C compiler works
configure:3253: gcc    conftest.c  >&5
configure:3257: $? = 0
configure:3305: result: yes
configure:3308: checking for C compiler default output file name
configure:3310: result: a.out
configure:3316: checking for suffix of executables
configure:3323: gcc -o conftest    conftest.c  >&5
configure:3327: $? = 0
configure:3349: result: 
configure:3371: checking whether we are cross compiling
configure:3379: gcc -o conftest    conftest.c  >&5
configure:3383: $? = 0
configure:3390: ./conftest
configure:3394: $? = 0
configure:3409: result: no
configure:3414: checking for suffix of object files
configure:3436: gcc -c   conftest.c >&5
configure:3440: $? = 0
configure:3461: result: o
configure:3465: checking whether we are using the GNU C compiler
configure:3484: gcc -c   conftest.c >&5
configure:3484: $? = 0
configure:3493: result: yes
configure:3502: checking whether gcc accepts -g
configure:3522: gcc -c -g  conftest.c >&5
configure:3522: $? = 0
configure:3563: result: yes
configure:3580: checking for gcc option to accept ISO C89
configure:3643: gcc  -c -g -O2  conftest.c >&5
configure:3643: $? = 0
configure:3656: result: none needed
configure:3681: checking whether gcc understands -c and -o together
configure:3703: gcc -c conftest.c -o conftest2.o
configure:3706: $? = 0
configure:3703: gcc -c conftest.c -o conftest2.o
configure:3706: $? = 0
configure:3718: result: yes
configure:3737: checking dependency style of gcc
configure:3848: result: gcc3
configure:3864: checking for library containing strerror
configure:3895: gcc -o conftest -g -O2   conftest.c  >&5
configure:3895: $? = 0
configure:3912: result: none required
configure:3968: checking for gcc
configure:3995: result: gcc
configure:4224: checking for C compiler version
configure:4233: gcc --version >&5
gcc (Ubuntu 5.4.0-6ubuntu1~16.04.10) 5.4.0 20160609
Copyright (C) 2015 Free Software Foundation, Inc.
This is free software; see the source for copying conditions.  There is NO
warranty; not even for MERCHANTABILITY or FITNESS FOR A PARTICULAR PURPOSE.

configure:4244: $? = 0
configure:4233: gcc -v >&5
Using built-in specs.
COLLECT_GCC=gcc
COLLECT_LTO_WRAPPER=/usr/lib/gcc/x86_64-linux-gnu/5/lto-wrapper
Target: x86_64-linux-gnu
Configured with: ../src/configure -v --with-pkgversion='Ubuntu 5.4.0-6ubuntu1~16.04.10' --with-bugurl=file:///usr/share/doc/gcc-5/README.Bugs --enable-languages=c,ada,c++,java,go,d,fortran,objc,obj-c++ --prefix=/usr --program-suffix=-5 --enable-shared --enable-linker-build-id --libexecdir=/usr/lib --without-included-gettext --enable-threads=posix --libdir=/usr/lib --enable-nls --with-sysroot=/ --enable-clocale=gnu --enable-libstdcxx-debug --enable-libstdcxx-time=yes --with-default-libstdcxx-abi=new --enable-gnu-unique-object --disable-vtable-verify --enable-libmpx --enable-plugin --with-system-zlib --disable-browser-plugin --enable-java-awt=gtk --enable-gtk-cairo --with-java-home=/usr/lib/jvm/java-1.5.0-gcj-5-amd64/jre --enable-java-home --with-jvm-root-dir=/usr/lib/jvm/java-1.5.0-gcj-5-amd64 --with-jvm-jar-dir=/usr/lib/jvm-exports/java-1.5.0-gcj-5-amd64 --with-arch-directory=amd64 --with-ecj-jar=/usr/share/java/eclipse-ecj.jar --enable-objc-gc --enable-multiarch --disable-werror --with-arch-32=i686 --with-abi=m64 --with-multilib-list=m32,m64,mx32 --enable-multilib --with-tune=generic --enable-checking=release --build=x86_64-linux-gnu --host=x86_64-linux-gnu --target=x86_64-linux-gnu
Thread model: posix
gcc version 5.4.0 20160609 (Ubuntu 5.4.0-6ubuntu1~16.04.10) 
configure:4244: $? = 0
configure:4233: gcc -V >&5
gcc: error: unrecognized command line option '-V'
gcc: fatal error: no input files
compilation terminated.
configure:4244: $? = 1
configure:4233: gcc -qversion >&5
gcc: error: unrecognized command line option '-qversion'
gcc: fatal error: no input files
compilation terminated.
configure:4244: $? = 1
configure:4248: checking whether we are using the GNU C compiler
configure:4276: result: yes
configure:4285: checking whether gcc accepts -g
configure:4346: result: yes
configure:4363: checking for gcc option to accept ISO C89
configure:4439: result: none needed
configure:4464: checking whether gcc understands -c and -o together
configure:4501: result: yes
configure:4520: checking dependency style of gcc
configure:4631: result: gcc3
configure:4694: checking for gcc
configure:4721: result: gcc
configure:4950: checking for C compiler version
configure:4959: gcc --version >&5
gcc (Ubuntu 5.4.0-6ubuntu1~16.04.10) 5.4.0 20160609
Copyright (C) 2015 Free Software Foundation, Inc.
This is free software; see the source for copying conditions.  There is NO
warranty; not even for MERCHANTABILITY or FITNESS FOR A PARTICULAR PURPOSE.

configure:4970: $? = 0
configure:4959: gcc -v >&5
Using built-in specs.
COLLECT_GCC=gcc
COLLECT_LTO_WRAPPER=/usr/lib/gcc/x86_64-linux-gnu/5/lto-wrapper
Target: x86_64-linux-gnu
Configured with: ../src/configure -v --with-pkgversion='Ubuntu 5.4.0-6ubuntu1~16.04.10' --with-bugurl=file:///usr/share/doc/gcc-5/README.Bugs --enable-languages=c,ada,c++,java,go,d,fortran,objc,obj-c++ --prefix=/usr --program-suffix=-5 --enable-shared --enable-linker-build-id --libexecdir=/usr/lib --without-included-gettext --enable-threads=posix --libdir=/usr/lib --enable-nls --with-sysroot=/ --enable-clocale=gnu --enable-libstdcxx-debug --enable-libstdcxx-time=yes --with-default-libstdcxx-abi=new --enable-gnu-unique-object --disable-vtable-verify --enable-libmpx --enable-plugin --with-system-zlib --disable-browser-plugin --enable-java-awt=gtk --enable-gtk-cairo --with-java-home=/usr/lib/jvm/java-1.5.0-gcj-5-amd64/jre --enable-java-home --with-jvm-root-dir=/usr/lib/jvm/java-1.5.0-gcj-5-amd64 --with-jvm-jar-dir=/usr/lib/jvm-exports/java-1.5.0-gcj-5-amd64 --with-arch-directory=amd64 --with-ecj-jar=/usr/share/java/eclipse-ecj.jar --enable-objc-gc --enable-multiarch --disable-werror --with-arch-32=i686 --with-abi=m64 --with-multilib-list=m32,m64,mx32 --enable-multilib --with-tune=generic --enable-checking=release --build=x86_64-linux-gnu --host=x86_64-linux-gnu --target=x86_64-linux-gnu
Thread model: posix
gcc version 5.4.0 20160609 (Ubuntu 5.4.0-6ubuntu1~16.04.10) 
configure:4970: $? = 0
configure:4959: gcc -V >&5
gcc: error: unrecognized command line option '-V'
gcc: fatal error: no input files
compilation terminated.
configure:4970: $? = 1
configure:4959: gcc -qversion >&5
gcc: error: unrecognized command line option '-qversion'
gcc: fatal error: no input files
compilation terminated.
configure:4970: $? = 1
configure:4974: checking whether we are using the GNU C compiler
configure:5002: result: yes
configure:5011: checking whether gcc accepts -g
configure:5072: result: yes
configure:5089: checking for gcc option to accept ISO C89
configure:5165: result: none needed
configure:5190: checking whether gcc understands -c and -o together
configure:5227: result: yes
configure:5246: checking dependency style of gcc
configure:5357: result: gcc3
configure:5379: checking how to run the C preprocessor
configure:5410: gcc -E  conftest.c
configure:5410: $? = 0
configure:5424: gcc -E  conftest.c
conftest.c:11:28: fatal error: ac_nonexistent.h: No such file or directory
compilation terminated.
configure:5424: $? = 1
configure: failed program was:
| /* confdefs.h */
| #define PACKAGE_NAME ""
| #define PACKAGE_TARNAME ""
| #define PACKAGE_VERSION ""
| #define PACKAGE_STRING ""
| #define PACKAGE_BUGREPORT ""
| #define PACKAGE_URL ""
| #define PACKAGE "project2"
| #define VERSION "0.1"
| /* end confdefs.h.  */
| #include <ac_nonexistent.h>
configure:5449: result: gcc -E
configure:5469: gcc -E  conftest.c
configure:5469: $? = 0
configure:5483: gcc -E  conftest.c
conftest.c:11:28: fatal error: ac_nonexistent.h: No such file or directory
compilation terminated.
configure:5483: $? = 1
configure: failed program was:
| /* confdefs.h */
| #define PACKAGE_NAME ""
| #define PACKAGE_TARNAME ""
| #define PACKAGE_VERSION ""
| #define PACKAGE_STRING ""
| #define PACKAGE_BUGREPORT ""
| #define PACKAGE_URL ""
| #define PACKAGE "project2"
| #define VERSION "0.1"
| /* end confdefs.h.  */
| #include <ac_nonexistent.h>
configure:5512: checking for grep that handles long lines and -e
configure:5570: result: /bin/grep
configure:5575: checking for egrep
configure:5637: result: /bin/grep -E
configure:5642: checking for ANSI C header files
configure:5662: gcc -c -g -O2  conftest.c >&5
configure:5662: $? = 0
configure:5735: gcc -o conftest -g -O2   conftest.c  >&5
configure:5735: $? = 0
configure:5735: ./conftest
configure:5735: $? = 0
configure:5746: result: yes
configure:5810: checking for pkg-config
configure:5828: found /usr/bin/pkg-config
configure:5840: result: /usr/bin/pkg-config
configure:5865: checking pkg-config is at least version 0.9.0
configure:5868: result: yes
configure:5878: checking for PACKAGE
configure:5885: $PKG_CONFIG --exists --print-errors "$pkg_modules"
configure:5888: $? = 0
configure:5902: $PKG_CONFIG --exists --print-errors "$pkg_modules"
configure:5905: $? = 0
configure:5963: result: yes
configure:5984: checking for sys/types.h
configure:5984: gcc -c -g -O2  conftest.c >&5
configure:5984: $? = 0
configure:5984: result: yes
configure:5984: checking for sys/stat.h
configure:5984: gcc -c -g -O2  conftest.c >&5
configure:5984: $? = 0
configure:5984: result: yes
configure:5984: checking for stdlib.h
configure:5984: gcc -c -g -O2  conftest.c >&5
configure:5984: $? = 0
configure:5984: result: yes
configure:5984: checking for string.h
configure:5984: gcc -c -g -O2  conftest.c >&5
configure:5984: $? = 0
configure:5984: result: yes
configure:5984: checking for memory.h
configure:5984: gcc -c -g -O2  conftest.c >&5
configure:5984: $? = 0
configure:5984: result: yes
configure:5984: checking for strings.h
configure:5984: gcc -c -g -O2  conftest.c >&5
configure:5984: $? = 0
configure:5984: result: yes
configure:5984: checking for inttypes.h
configure:5984: gcc -c -g -O2  conftest.c >&5
configure:5984: $? = 0
configure:5984: result: yes
configure:5984: checking for stdint.h
configure:5984: gcc -c -g -O2  conftest.c >&5
configure:5984: $? = 0
configure:5984: result: yes
configure:5984: checking for unistd.h
configure:5984: gcc -c -g -O2  conftest.c >&5
configure:5984: $? = 0
configure:5984: result: yes
configure:5999: checking locale.h usability
configure:5999: gcc -c -g -O2  conftest.c >&5
configure:5999: $? = 0
configure:5999: result: yes
configure:5999: checking locale.h presence
configure:5999: gcc -E  conftest.c
configure:5999: $? = 0
configure:5999: result: yes
configure:5999: checking for locale.h
configure:5999: result: yes
configure:6010: checking for LC_MESSAGES
configure:6026: gcc -o conftest -g -O2   conftest.c  >&5
configure:6026: $? = 0
configure:6034: result: yes
configure:6051: checking libintl.h usability
configure:6051: gcc -c -g -O2  conftest.c >&5
configure:6051: $? = 0
configure:6051: result: yes
configure:6051: checking libintl.h presence
configure:6051: gcc -E  conftest.c
configure:6051: $? = 0
configure:6051: result: yes
configure:6051: checking for libintl.h
configure:6051: result: yes
configure:6059: checking for ngettext in libc
configure:6077: gcc -o conftest -g -O2   conftest.c  >&5
configure:6077: $? = 0
configure:6086: result: yes
configure:6090: checking for dgettext in libc
configure:6108: gcc -o conftest -g -O2   conftest.c  >&5
configure:6108: $? = 0
configure:6117: result: yes
configure:6124: checking for bind_textdomain_codeset
configure:6124: gcc -o conftest -g -O2   conftest.c  >&5
configure:6124: $? = 0
configure:6124: result: yes
configure:6400: checking for msgfmt
configure:6427: result: /usr/bin/msgfmt
configure:6438: checking for dcgettext
configure:6438: gcc -o conftest -g -O2   conftest.c   >&5
conftest.c:49:6: warning: conflicting types for built-in function 'dcgettext'
 char dcgettext ();
      ^
configure:6438: $? = 0
configure:6438: result: yes
configure:6448: checking if msgfmt accepts -c
configure:6463: $MSGFMT -c -o /dev/null conftest.foo
conftest.foo:3: warning: header field 'Language' missing in header
configure:6466: $? = 0
configure:6468: result: yes
configure:6478: checking for gmsgfmt
configure:6509: result: /usr/bin/msgfmt
configure:6519: checking for xgettext
configure:6546: result: /usr/bin/xgettext
configure:6565: gcc -o conftest -g -O2   conftest.c   >&5
configure:6565: $? = 0
configure:6815: checking that generated files are newer than configure
configure:6821: result: done
configure:6856: creating ./config.status

## ---------------------- ##
## Running config.status. ##
## ---------------------- ##

This file was extended by config.status, which was
generated by GNU Autoconf 2.69.  Invocation command line was

  CONFIG_FILES    = 
  CONFIG_HEADERS  = 
  CONFIG_LINKS    = 
  CONFIG_COMMANDS = 
  $ ./config.status 

on ubuntu

config.status:893: creating Makefile
config.status:893: creating src/Makefile
config.status:893: creating po/Makefile.in
config.status:893: creating config.h
config.status:1074: config.h is unchanged
config.status:1122: executing depfiles commands
config.status:1122: executing default-1 commands

## ---------------- ##
## Cache variables. ##
## ---------------- ##

ac_cv_c_compiler_gnu=yes
ac_cv_env_CC_set=
ac_cv_env_CC_value=
ac_cv_env_CFLAGS_set=
ac_cv_env_CFLAGS_value=
ac_cv_env_CPPFLAGS_set=
ac_cv_env_CPPFLAGS_value=
ac_cv_env_CPP_set=
ac_cv_env_CPP_value=
ac_cv_env_LDFLAGS_set=
ac_cv_env_LDFLAGS_value=
ac_cv_env_LIBS_set=
ac_cv_env_LIBS_value=
ac_cv_env_PACKAGE_CFLAGS_set=
ac_cv_env_PACKAGE_CFLAGS_value=
ac_cv_env_PACKAGE_LIBS_set=
ac_cv_env_PACKAGE_LIBS_value=
ac_cv_env_PKG_CONFIG_LIBDIR_set=
ac_cv_env_PKG_CONFIG_LIBDIR_value=
ac_cv_env_PKG_CONFIG_PATH_set=
ac_cv_env_PKG_CONFIG_PATH_value=
ac_cv_env_PKG_CONFIG_set=
ac_cv_env_PKG_CONFIG_value=
ac_cv_env_build_alias_set=
ac_cv_env_build_alias_value=
ac_cv_env_host_alias_set=
ac_cv_env_host_alias_value=
ac_cv_env_target_alias_set=
ac_cv_env_target_alias_value=
ac_cv_func_bind_textdomain_codeset=yes
ac_cv_func_dcgettext=yes
ac_cv_header_inttypes_h=yes
ac_cv_header_libintl_h=yes
ac_cv_header_locale_h=yes
ac_cv_header_memory_h=yes
ac_cv_header_stdc=yes
ac_cv_header_stdint_h=yes
ac_cv_header_stdlib_h=yes
ac_cv_header_string_h=yes
ac_cv_header_strings_h=yes
ac_cv_header_sys_stat_h=yes
ac_cv_header_sys_types_h=yes
ac_cv_header_unistd_h=yes
ac_cv_objext=o
ac_cv_path_EGREP='/bin/grep -E'
ac_cv_path_GMSGFMT=/usr/bin/msgfmt
ac_cv_path_GREP=/bin/grep
ac_cv_path_MSGFMT=/usr/bin/msgfmt
ac_cv_path_XGETTEXT=/usr/bin/xgettext
ac_cv_path_ac_pt_PKG_CONFIG=/usr/bin/pkg-config
ac_cv_path_install='/usr/bin/install -c'
ac_cv_path_mkdir=/bin/mkdir
ac_cv_prog_AWK=mawk
ac_cv_prog_CPP='gcc -E'
ac_cv_prog_ac_ct_CC=gcc
ac_cv_prog_cc_c89=
ac_cv_prog_cc_g=yes
ac_cv_prog_make_make_set=yes
ac_cv_search_strerror='none required'
am_cv_CC_dependencies_compiler_type=gcc3
am_cv_make_support_nested_variables=yes
am_cv_prog_cc_c_o=yes
am_cv_prog_cc_stdc=
am_cv_val_LC_MESSAGES=yes
gt_cv_func_dgettext_libc=yes
gt_cv_func_dgettext_libintl=no
gt_cv_func_ngettext_libc=yes
gt_cv_have_gettext=yes
pkg_cv_PACKAGE_CFLAGS='-pthread -I/usr/include/gtk-2.0 -I/usr/lib/x86_64-linux-gnu/gtk-2.0/include -I/usr/include/gio-unix-2.0/ -I/usr/include/cairo -I/usr/include/pango-1.0 -I/usr/include/atk-1.0 -I/usr/include/cairo -I/usr/include/pixman-1 -I/usr/include/libpng12 -I/usr/include/gdk-pixbuf-2.0 -I/usr/include/libpng12 -I/usr/include/pango-1.0 -I/usr/include/harfbuzz -I/usr/include/pango-1.0 -I/usr/include/glib-2.0 -I/usr/lib/x86_64-linux-gnu/glib-2.0/include -I/usr/include/freetype2'
pkg_cv_PACKAGE_LIBS='-lgtk-x11-2.0 -lgdk-x11-2.0 -lpangocairo-1.0 -latk-1.0 -lcairo -lgdk_pixbuf-2.0 -lgio-2.0 -lpangoft2-1.0 -lpango-1.0 -lgobject-2.0 -lglib-2.0 -lfontconfig -lfreetype'

## ----------------- ##
## Output variables. ##
## ----------------- ##

ACLOCAL='${SHELL} /home/oussemabaccara/Projects/project2/missing aclocal-1.15'
AMDEPBACKSLASH='\'
AMDEP_FALSE='#'
AMDEP_TRUE=''
AMTAR='$${TAR-tar}'
AM_BACKSLASH='\'
AM_DEFAULT_V='$(AM_DEFAULT_VERBOSITY)'
AM_DEFAULT_VERBOSITY='1'
AM_V='$(V)'
AUTOCONF='${SHELL} /home/oussemabaccara/Projects/project2/missing autoconf'
AUTOHEADER='${SHELL} /home/oussemabaccara/Projects/project2/missing autoheader'
AUTOMAKE='${SHELL} /home/oussemabaccara/Projects/project2/missing automake-1.15'
AWK='mawk'
CATALOGS=''
CATOBJEXT='.gmo'
CC='gcc'
CCDEPMODE='depmode=gcc3'
CFLAGS='-g -O2'
CPP='gcc -E'
CPPFLAGS=''
CYGPATH_W='echo'
DATADIRNAME='share'
DEFS='-DHAVE_CONFIG_H'
DEPDIR='.deps'
ECHO_C=''
ECHO_N='-n'
ECHO_T=''
EGREP='/bin/grep -E'
EXEEXT=''
GETTEXT_PACKAGE='project2'
GMOFILES=''
GMSGFMT='/usr/bin/msgfmt'
GREP='/bin/grep'
INSTALL_DATA='${INSTALL} -m 644'
INSTALL_PROGRAM='${INSTALL}'
INSTALL_SCRIPT='${INSTALL}'
INSTALL_STRIP_PROGRAM='$(install_sh) -c -s'
INSTOBJEXT='.mo'
INTLLIBS=''
LDFLAGS=''
LIBOBJS=''
LIBS=''
LTLIBOBJS=''
MAINT=''
MAINTAINER_MODE_FALSE='#'
MAINTAINER_MODE_TRUE=''
MAKEINFO='${SHELL} /home/oussemabaccara/Projects/project2/missing makeinfo'
MKDIR_P='/bin/mkdir -p'
MKINSTALLDIRS='./mkinstalldirs'
MSGFMT='/usr/bin/msgfmt'
MSGFMT_OPTS='-c'
OBJEXT='o'
PACKAGE='project2'
PACKAGE_BUGREPORT=''
PACKAGE_CFLAGS='-pthread -I/usr/include/gtk-2.0 -I/usr/lib/x86_64-linux-gnu/gtk-2.0/include -I/usr/include/gio-unix-2.0/ -I/usr/include/cairo -I/usr/include/pango-1.0 -I/usr/include/atk-1.0 -I/usr/include/cairo -I/usr/include/pixman-1 -I/usr/include/libpng12 -I/usr/include/gdk-pixbuf-2.0 -I/usr/include/libpng12 -I/usr/include/pango-1.0 -I/usr/include/harfbuzz -I/usr/include/pango-1.0 -I/usr/include/glib-2.0 -I/usr/lib/x86_64-linux-gnu/glib-2.0/include -I/usr/include/freetype2'
PACKAGE_LIBS='-lgtk-x11-2.0 -lgdk-x11-2.0 -lpangocairo-1.0 -latk-1.0 -lcairo -lgdk_pixbuf-2.0 -lgio-2.0 -lpangoft2-1.0 -lpango-1.0 -lgobject-2.0 -lglib-2.0 -lfontconfig -lfreetype'
PACKAGE_NAME=''
PACKAGE_STRING=''
PACKAGE_TARNAME=''
PACKAGE_URL=''
PACKAGE_VERSION=''
PATH_SEPARATOR=':'
PKG_CONFIG='/usr/bin/pkg-config'
PKG_CONFIG_LIBDIR=''
PKG_CONFIG_PATH=''
POFILES=''
POSUB='po'
PO_IN_DATADIR_FALSE=''
PO_IN_DATADIR_TRUE=''
SET_MAKE=''
SHELL='/bin/bash'
STRIP=''
USE_NLS='yes'
VERSION='0.1'
XGETTEXT='/usr/bin/xgettext'
ac_ct_CC='gcc'
am__EXEEXT_FALSE=''
am__EXEEXT_TRUE='#'
am__fastdepCC_FALSE='#'
am__fastdepCC_TRUE=''
am__include='include'
am__isrc=''
am__leading_dot='.'
am__nodep='_no'
am__quote=''
am__tar='$${TAR-tar} chof - "$$tardir"'
am__untar='$${TAR-tar} xf -'
bindir='${exec_prefix}/bin'
build_alias=''
datadir='${datarootdir}'
datarootdir='${prefix}/share'
docdir='${datarootdir}/doc/${PACKAGE}'
dvidir='${docdir}'
exec_prefix='${prefix}'
host_alias=''
htmldir='${docdir}'
includedir='${prefix}/include'
infodir='${datarootdir}/info'
install_sh='${SHELL} /home/oussemabaccara/Projects/project2/install-sh'
libdir='${exec_prefix}/lib'
libexecdir='${exec_prefix}/libexec'
localedir='${datarootdir}/locale'
localstatedir='${prefix}/var'
mandir='${datarootdir}/man'
mkdir_p='$(MKDIR_P)'
oldincludedir='/usr/include'
pdfdir='${docdir}'
prefix='/usr/local'
program_transform_name='s,x,x,'
psdir='${docdir}'
runstatedir='${localstatedir}/run'
sbindir='${exec_prefix}/sbin'
sharedstatedir='${prefix}/com'
sysconfdir='${prefix}/etc'
target_alias=''

## ----------- ##
## confdefs.h. ##
## ----------- ##

/* confdefs.h */
#define PACKAGE_NAME ""
#define PACKAGE_TARNAME ""
#define PACKAGE_VERSION ""
#define PACKAGE_STRING ""
#define PACKAGE_BUGREPORT ""
#define PACKAGE_URL ""
#define PACKAGE "project2"
#define VERSION "0.1"
#define STDC_HEADERS 1
#define GETTEXT_PACKAGE "project2"
#define HAVE_SYS_TYPES_H 1
#define HAVE_SYS_STAT_H 1
#define HAVE_STDLIB_H 1
#define HAVE_STRING_H 1
#define HAVE_MEMORY_H 1
#define HAVE_STRINGS_H 1
#define HAVE_INTTYPES_H 1
#define HAVE_STDINT_H 1
#define HAVE_UNISTD_H 1
#define HAVE_LOCALE_H 1
#define HAVE_LC_MESSAGES 1
#define HAVE_BIND_TEXTDOMAIN_CODESET 1
#define HAVE_GETTEXT 1
#define HAVE_DCGETTEXT 1
#define ENABLE_NLS 1

configure: exit 0
